Arguments: 
  /Users/user/.nvm/versions/node/v8.9.1/bin/node /Users/user/.nvm/versions/node/v8.9.1/bin/yarn add concurrently:

PATH: 
  /Users/user/.rvm/gems/ruby-2.3.0/bin:/Users/user/.rvm/gems/ruby-2.3.0@global/bin:/Users/user/.rvm/rubies/ruby-2.3.0/bin:/Users/user/miniconda3/bin:/usr/local/bin:/usr/bin:/bin:/usr/sbin:/sbin:/usr/local/go/bin:/usr/local/git/bin:/Users/user/.rvm/gems/ruby-2.3.0/bin:/Users/user/.rvm/gems/ruby-2.3.0@global/bin:/Users/user/.rvm/rubies/ruby-2.3.0/bin:/Users/user/miniconda3/bin:/Users/user/.nvm/versions/node/v8.9.1/bin:/Users/user/Library/Android/sdk/tools:/Users/user/Library/Android/sdk/platform-tools:/Users/user/Documents:/Users/user/.rvm/bin:/Users/user/Library/Android/sdk/tools:/Users/user/Library/Android/sdk/platform-tools:/Users/user/Documents

Yarn version: 
  1.3.2

Node version: 
  8.9.1

Platform: 
  darwin x64

npm manifest: 
  {
    "name": "apolloupload",
    "version": "1.0.0",
    "description": "使用next + apolloUPload +typescript",
    "main": "index.js",
    "scripts": {
      "dev": "yarn dev:prework && yarn dev:watch",
      "dev:watch": "concurrently \"tsc --watch\"  \"cd ./dist/ && node server.js\" ",
      "dev:prework": "rm -rf ./dist && mkdir ./dist && mkdir ./dist/credentials && cp -rf static ./dist/static && cp ./nextwork/.babelrc ./dist && tsc"
    },
    "repository": {
      "type": "git",
      "url": "git+https://github.com/polo13999/apolloUpload.git"
    },
    "author": "polo <polo13999@gmail.com>",
    "license": "ISC",
    "bugs": {
      "url": "https://github.com/polo13999/apolloUpload/issues"
    },
    "homepage": "https://github.com/polo13999/apolloUpload#readme"
  }

yarn manifest: 
  No manifest

Lockfile: 
  # THIS IS AN AUTOGENERATED FILE. DO NOT EDIT THIS FILE DIRECTLY.
  # yarn lockfile v1
  
  
  typescript@^2.7.1:
    version "2.7.1"
    resolved "https://registry.yarnpkg.com/typescript/-/typescript-2.7.1.tgz#bb3682c2c791ac90e7c6210b26478a8da085c359"

Trace: 
  Error: Invalid URL
      at module.exports.module.exports (/Users/user/.nvm/versions/node/v8.9.1/lib/node_modules/yarn/lib/cli.js:118701:9)
      at NpmRegistry.isRequestToRegistry (/Users/user/.nvm/versions/node/v8.9.1/lib/node_modules/yarn/lib/cli.js:30322:86)
      at NpmRegistry.request (/Users/user/.nvm/versions/node/v8.9.1/lib/node_modules/yarn/lib/cli.js:30352:31)
      at /Users/user/.nvm/versions/node/v8.9.1/lib/node_modules/yarn/lib/cli.js:48960:54
      at Generator.next (<anonymous>)
      at step (/Users/user/.nvm/versions/node/v8.9.1/lib/node_modules/yarn/lib/cli.js:92:30)
      at /Users/user/.nvm/versions/node/v8.9.1/lib/node_modules/yarn/lib/cli.js:110:14
      at new Promise (<anonymous>)
      at new F (/Users/user/.nvm/versions/node/v8.9.1/lib/node_modules/yarn/lib/cli.js:29389:28)
      at /Users/user/.nvm/versions/node/v8.9.1/lib/node_modules/yarn/lib/cli.js:89:12
